2025-11-02 20:45:09,767 - INFO  - Log file for this run: /root/autodl-tmp/retraining-free-quantization/search/resnet18_cifar10_single_gpu_search/resnet18_cifar10_single_gpu_search.log
2025-11-02 20:45:09,772 - INFO  - TensorBoard data directory: /root/autodl-tmp/retraining-free-quantization/search/resnet18_cifar10_single_gpu_search/tb_runs
2025-11-02 20:45:09,954 - INFO  - Created `resnet18` model for `cifar10` dataset (num_classes=10)
          Use pre-trained model = False
2025-11-02 20:45:09,954 - INFO  - Inserted quantizers into the original model
2025-11-02 20:45:10,544 - INFO  - [DEBUG] Initializing dataloaders...
2025-11-02 20:45:13,463 - INFO  - [DEBUG] Dataloaders initialized: train=390, val=390, test=79
2025-11-02 20:45:13,472 - INFO  - [DEBUG] Testing model forward with input size 32x32...
2025-11-02 20:45:13,719 - INFO  - [DEBUG] Model forward test completed
2025-11-02 20:45:13,720 - INFO  - [DEBUG] Creating ModelEma...
2025-11-02 20:45:13,907 - INFO  - [DEBUG] ModelEma created
2025-11-02 20:45:14,404 - INFO  - Loaded checkpoint resnet18 model (next epoch 200) from ./training/resnet18_cifar10_single_gpu/resnet18_cifar10_single_gpu_checkpoint.pth.tar
2025-11-02 20:45:14,734 - INFO  - [DEBUG] Printing model structure (this may print quantizer info)...
2025-11-02 20:45:14,736 - INFO  - [DEBUG] Model structure printed
2025-11-02 20:45:14,736 - INFO  - [DEBUG] Switching bit width for model to [6, 5, 4, 3, 2]...
2025-11-02 20:45:14,738 - INFO  - [DEBUG] Model bit width switched
2025-11-02 20:45:14,738 - INFO  - [DEBUG] Switching bit width for EMA model to [6, 5, 4, 3, 2]...
2025-11-02 20:45:14,740 - INFO  - [DEBUG] EMA model bit width switched
2025-11-02 20:45:14,741 - INFO  - [DEBUG] Creating annealing schedule (train_loader length: 390)...
2025-11-02 20:45:14,741 - INFO  - [DEBUG] Annealing schedule created
2025-11-02 20:45:14,741 - INFO  - [DEBUG] Stepping lr_scheduler...
2025-11-02 20:45:14,741 - INFO  - [DEBUG] lr_scheduler stepped
2025-11-03 00:02:34,149 - INFO  - Validation: 10000 samples (128 per mini-batch)
2025-11-03 00:02:38,244 - INFO  - Arch 0, BitOPs 5.92 G, Size 4.0 MB, Top-1 Acc. 94.17
2025-11-03 00:02:38,244 - INFO  - Saved bit width configuration to: /root/autodl-tmp/retraining-free-quantization/search/resnet18_cifar10_single_gpu_search_bit_width_config.json
2025-11-03 00:02:38,244 - INFO  - To use this configuration for evaluation, set 'bit_width_config_path' in eval config or pass it via command line
