2025-11-04 19:58:10,436 - INFO  - Log file for this run: /root/autodl-tmp/retraining-free-quantization/search/alexnet_cifar10_single_gpu_v2_search/alexnet_cifar10_single_gpu_v2_search.log
2025-11-04 19:58:10,440 - INFO  - TensorBoard data directory: /root/autodl-tmp/retraining-free-quantization/search/alexnet_cifar10_single_gpu_v2_search/tb_runs
2025-11-04 19:58:11,012 - INFO  - Created `alexnet` model for `cifar10` dataset (num_classes=10)
          Use pre-trained model = False
2025-11-04 19:58:11,012 - INFO  - Inserted quantizers into the original model
2025-11-04 19:58:11,726 - INFO  - [DEBUG] Initializing dataloaders...
2025-11-04 19:58:15,721 - INFO  - [DEBUG] Dataloaders initialized: train=390, val=390, test=79
2025-11-04 19:58:15,723 - INFO  - [DEBUG] Testing model forward with input size 32x32...
2025-11-04 19:58:15,956 - INFO  - [DEBUG] Model forward test completed
2025-11-04 19:58:15,956 - INFO  - [DEBUG] Creating ModelEma...
2025-11-04 19:58:15,965 - INFO  - [DEBUG] ModelEma created
2025-11-04 19:58:16,340 - INFO  - Loaded checkpoint alexnet model (next epoch 200) from ./training/alexnet_cifar10_single_gpu_v2/alexnet_cifar10_single_gpu_v2_checkpoint.pth.tar
2025-11-04 19:58:16,780 - INFO  - [DEBUG] Printing model structure (this may print quantizer info)...
2025-11-04 19:58:16,781 - INFO  - [DEBUG] Model structure printed
2025-11-04 19:58:16,781 - INFO  - [DEBUG] Switching bit width for model to [6, 5, 4, 3, 2]...
2025-11-04 19:58:16,782 - INFO  - [DEBUG] Model bit width switched
2025-11-04 19:58:16,782 - INFO  - [DEBUG] Switching bit width for EMA model to [6, 5, 4, 3, 2]...
2025-11-04 19:58:16,782 - INFO  - [DEBUG] EMA model bit width switched
2025-11-04 19:58:16,782 - INFO  - [DEBUG] Creating annealing schedule (train_loader length: 390)...
2025-11-04 19:58:16,782 - INFO  - [DEBUG] Annealing schedule created
2025-11-04 19:58:16,782 - INFO  - [DEBUG] Stepping lr_scheduler...
2025-11-04 19:58:16,782 - INFO  - [DEBUG] lr_scheduler stepped
