2025-11-06 22:57:01,708 - INFO  - Log file for this run: /root/autodl-tmp/retraining-free-quantization/search/alexnet_cifar10_FAT_a92b25search/alexnet_cifar10_FAT_a92b25search.log
2025-11-06 22:57:01,713 - INFO  - TensorBoard data directory: /root/autodl-tmp/retraining-free-quantization/search/alexnet_cifar10_FAT_a92b25search/tb_runs
2025-11-06 22:57:02,288 - INFO  - Created `alexnet` model for `cifar10` dataset (num_classes=10)
          Use pre-trained model = False
2025-11-06 22:57:02,288 - INFO  - Inserted quantizers into the original model
2025-11-06 22:57:02,977 - INFO  - [DEBUG] Initializing dataloaders...
2025-11-06 22:57:04,892 - INFO  - [DEBUG] Dataloaders initialized: train=390, val=390, test=79
2025-11-06 22:57:04,894 - INFO  - [DEBUG] Testing model forward with input size 32x32...
2025-11-06 22:57:05,071 - INFO  - [DEBUG] Model forward test completed
2025-11-06 22:57:05,071 - INFO  - [DEBUG] Creating ModelEma...
2025-11-06 22:57:05,080 - INFO  - [DEBUG] ModelEma created
2025-11-06 22:57:05,408 - INFO  - Loaded checkpoint alexnet model (next epoch 200) from ./training/alexnet_cifar10_FAT_a92b25/alexnet_cifar10_FAT_a92b25_checkpoint.pth.tar
2025-11-06 22:57:05,742 - INFO  - [DEBUG] Printing model structure (this may print quantizer info)...
2025-11-06 22:57:05,743 - INFO  - [DEBUG] Model structure printed
2025-11-06 22:57:05,743 - INFO  - [DEBUG] Switching bit width for model to [6, 5, 4, 3, 2]...
2025-11-06 22:57:05,743 - INFO  - [DEBUG] Model bit width switched
2025-11-06 22:57:05,743 - INFO  - [DEBUG] Switching bit width for EMA model to [6, 5, 4, 3, 2]...
2025-11-06 22:57:05,743 - INFO  - [DEBUG] EMA model bit width switched
2025-11-06 22:57:05,743 - INFO  - [DEBUG] Creating annealing schedule (train_loader length: 390)...
2025-11-06 22:57:05,743 - INFO  - [DEBUG] Annealing schedule created
2025-11-06 22:57:05,743 - INFO  - [DEBUG] Stepping lr_scheduler...
2025-11-06 22:57:05,743 - INFO  - [DEBUG] lr_scheduler stepped
2025-11-06 22:57:11,917 - INFO  - Validation: 10000 samples (128 per mini-batch)
2025-11-06 22:57:18,132 - INFO  - Arch 0, BitOPs 2.15 G, Size 17.17 MB, Top-1 Acc. 72.47
2025-11-06 22:57:18,133 - INFO  - Saved bit width configuration to: /root/autodl-tmp/retraining-free-quantization/search/alexnet_cifar10_FAT_a92b25search_bit_width_config.json
2025-11-06 22:57:18,133 - INFO  - To use this configuration for evaluation, set 'bit_width_config_path' in eval config or pass it via command line
